<?xml version="1.0" encoding="UTF-8"?>
<robot generator="Robot 3.1.2 (Python 3.7.3 on win32)" generated="20200714 20:32:07.507" rpa="false">
<suite id="s1" name="SeleniumLib" source="G:\软件测试\作业\RFlession\SeleniumLib.robot">
<test id="s1-t1" name="case1">
<kw name="Open Browser" library="SeleniumLibrary">
<doc>Opens a new browser instance to the optional ``url``.</doc>
<arguments>
<arg>http://localhost:82/mgr/login/login.html</arg>
<arg>chrome</arg>
</arguments>
<msg timestamp="20200714 20:32:08.116" level="INFO">Opening browser 'chrome' to base url 'http://localhost:82/mgr/login/login.html'.</msg>
<status status="PASS" starttime="20200714 20:32:08.116" endtime="20200714 20:32:12.689"></status>
</kw>
<kw name="Input Text" library="SeleniumLibrary">
<doc>Types the given ``text`` into the text field identified by ``locator``.</doc>
<arguments>
<arg>id=username</arg>
<arg>auto</arg>
</arguments>
<msg timestamp="20200714 20:32:12.690" level="INFO">Typing text 'auto' into text field 'id=username'.</msg>
<status status="PASS" starttime="20200714 20:32:12.690" endtime="20200714 20:32:12.784"></status>
</kw>
<kw name="Input Text" library="SeleniumLibrary">
<doc>Types the given ``text`` into the text field identified by ``locator``.</doc>
<arguments>
<arg>id=password</arg>
<arg>sdfsdfsdf</arg>
</arguments>
<msg timestamp="20200714 20:32:12.785" level="INFO">Typing text 'sdfsdfsdf' into text field 'id=password'.</msg>
<status status="PASS" starttime="20200714 20:32:12.785" endtime="20200714 20:32:12.877"></status>
</kw>
<kw name="Click Element" library="SeleniumLibrary">
<doc>Click the element identified by ``locator``.</doc>
<arguments>
<arg>css=.btn-success</arg>
</arguments>
<msg timestamp="20200714 20:32:12.877" level="INFO">Clicking element 'css=.btn-success'.</msg>
<status status="PASS" starttime="20200714 20:32:12.877" endtime="20200714 20:32:12.925"></status>
</kw>
<kw name="Click Element" library="SeleniumLibrary">
<doc>Click the element identified by ``locator``.</doc>
<arguments>
<arg>css=[ng-click="showAddOne=true"]</arg>
</arguments>
<msg timestamp="20200714 20:32:12.926" level="INFO">Clicking element 'css=[ng-click="showAddOne=true"]'.</msg>
<kw name="Capture Page Screenshot" library="SeleniumLibrary">
<doc>Takes a screenshot of the current page and embeds it into a log file.</doc>
<msg timestamp="20200714 20:32:13.265" level="INFO" html="yes">&lt;/td&gt;&lt;/tr&gt;&lt;tr&gt;&lt;td colspan="3"&gt;&lt;a href="selenium-screenshot-5.png"&gt;&lt;img src="selenium-screenshot-5.png" width="800px"&gt;&lt;/a&gt;</msg>
<status status="PASS" starttime="20200714 20:32:12.936" endtime="20200714 20:32:13.265"></status>
</kw>
<msg timestamp="20200714 20:32:13.634" level="FAIL">Element with locator 'css=[ng-click="showAddOne=true"]' not found.</msg>
<status status="FAIL" starttime="20200714 20:32:12.926" endtime="20200714 20:32:13.634"></status>
</kw>
<status status="FAIL" starttime="20200714 20:32:08.115" endtime="20200714 20:32:13.635" critical="yes">Element with locator 'css=[ng-click="showAddOne=true"]' not found.</status>
</test>
<status status="FAIL" starttime="20200714 20:32:07.509" endtime="20200714 20:32:13.638"></status>
</suite>
<statistics>
<total>
<stat pass="0" fail="1">Critical Tests</stat>
<stat pass="0" fail="1">All Tests</stat>
</total>
<tag>
</tag>
<suite>
<stat pass="0" fail="1" id="s1" name="SeleniumLib">SeleniumLib</stat>
</suite>
</statistics>
<errors>
</errors>
</robot>
